         w __deregister_frame_info
         w __register_frame_info
         w __syscall_lock_close_recursive
         w userAppExit
         w userAppInit
00000000 00000802 B __ctru_dev_utf16_buf
00000000 b _TLS_MODULE_BASE_
00000000 a shift
00000000 a shift
00000804 00000401 B __ctru_dev_path_buf
00100000 A __start__
00100000 T _start
00100008 T __service_ptr
0010000c T __apt_appid
00100010 T __heap_size
00100014 T __linear_heap_size
00100018 T __system_arglist
0010001c T __system_runflags
00100020 t startup
00100058 t ClearMem
0010006c t ClrLoop
00100094 T _init
001000ac T __aeabi_idiv
001000ac 00000220 T __divsi3
001000b4 t .divsi3_skip_div0_test
001002cc 00000020 T __aeabi_idivmod
001002ec 00000004 W __aeabi_idiv0
001002ec 00000004 W __aeabi_ldiv0
001002f0 T __aeabi_drsub
001002f8 000002b0 T __aeabi_dsub
001002f8 000002b0 T __subdf3
001002fc 000002ac T __adddf3
001002fc 000002ac T __aeabi_dadd
001005a8 00000024 T __aeabi_ui2d
001005a8 00000024 T __floatunsidf
001005cc 00000028 T __aeabi_i2d
001005cc 00000028 T __floatsidf
001005f4 00000048 T __aeabi_f2d
001005f4 00000048 T __extendsfdf2
0010063c 00000074 T __aeabi_ul2d
0010063c 00000074 T __floatundidf
00100650 00000060 T __aeabi_l2d
00100650 00000060 T __floatdidf
001006b0 T __aeabi_uldivmod
00100708 00000390 T strcmp
00100a90 t .udivsi3_skip_div0_test
00100a90 T __aeabi_uidiv
00100a90 000001ec T __udivsi3
00100c7c 00000020 T __aeabi_uidivmod
00100c9c t __do_global_dtors_aux
00100cdc t frame_dummy
00100d08 0000014c T main
00100e54 00000044 t C2Di_FrameEndHook
00100e98 0000036c T C2D_Init
00101204 0000004c T C2D_Fini
00101250 000000b8 T C2D_Prepare
00101308 00000048 T C2D_Flush
00101350 00000104 T C2D_SceneSize
00101454 00000058 T C2D_CreateScreenTarget
001014ac 00000064 T C2D_TargetClear
00101510 00000058 T C2Di_AppendQuad
00101568 00000550 T C2Di_Update
00101ab8 00000158 T C2D_DrawRectangle
00101c10 00000004 W C3Di_LightEnvUpdate
00101c14 00000004 W C3Di_LightEnvDirty
00101c18 000000b4 t C3Di_AptEventHook
00101ccc 00000004 W C3Di_GasUpdate
00101cd0 000001e0 T C3D_Init
00101eb0 00000098 T C3D_SetViewport
00101f48 000004e8 T C3Di_UpdateContext
00102430 000000e0 T C3Di_SplitFrame
00102510 00000044 T C3D_Fini
00102554 00000114 T C3D_BindProgram
00102668 0000004c t onVBlank0
001026b4 0000004c t onVBlank1
00102700 00000080 t C3Di_RenderTargetDestroy
00102780 000000f4 t onQueueFinish
00102874 00000038 T C3Di_RenderQueueEnableVBlank
001028ac 00000030 T C3Di_RenderQueueDisableVBlank
001028dc 00000060 T C3Di_RenderQueueInit
0010293c 000000b0 T C3Di_RenderQueueExit
001029ec 00000034 T C3Di_RenderQueueWaitDone
00102a20 000000e4 T C3D_FrameBegin
00102b04 00000048 T C3D_FrameDrawOn
00102b4c 00000058 T C3D_FrameSplit
00102ba4 000001d8 T C3D_FrameEnd
00102d7c 0000001c T C3D_FrameEndHook
00102d98 00000184 T C3D_RenderTargetCreate
00102f1c 000000a8 T C3D_RenderTargetSetOutput
00102fc4 00000044 T C3D_TexBind
00103008 0000016c T C3Di_SetTex
00103174 0000001c T C3D_CalcColorBufSize
00103190 0000001c T C3D_CalcDepthBufSize
001031ac 00000044 T C3D_SetFrameBuf
001031f0 0000016c T C3Di_FrameBufBind
0010335c 000000c8 T C3D_FrameBufClear
00103424 00000044 T C3D_FrameBufTransfer
00103468 00000034 T C3D_GetTexEnv
0010349c 00000024 T C3Di_TexEnvBind
001034c0 00000218 T C3D_DrawElements
001036d8 00000070 T C3D_ProcTexInit
00103748 00000054 T C3D_ProcTexBind
0010379c 0000005c T C3D_ProcTexLutBind
001037f8 000000a4 T ProcTexLut_FromArray
0010389c 0000017c T C3Di_ProcTexUpdate
00103a18 00000068 T C3Di_ProcTexDirty
00103a80 00000024 T BufInfo_Init
00103aa4 00000080 T BufInfo_Add
00103b24 00000040 T C3D_SetBufInfo
00103b64 00000048 T C3Di_BufInfoBind
00103bac 00000040 T C3D_DepthMap
00103bec 0000001c T C3D_CullFace
00103c08 00000040 T C3D_StencilTest
00103c48 00000024 T C3D_StencilOp
00103c6c 0000001c T C3D_BlendingColor
00103c88 00000024 T C3D_EarlyDepthTest
00103cac 0000002c T C3D_DepthTest
00103cd8 0000002c T C3D_AlphaTest
00103d04 00000050 T C3D_AlphaBlend
00103d54 00000030 T C3D_FragOpMode
00103d84 00000044 T C3D_FragOpShadow
00103dc8 000001ac T C3Di_EffectBind
00103f74 00000028 T AttrInfo_Init
00103f9c 00000094 T AttrInfo_AddLoader
00104030 00000054 T C3D_SetAttrInfo
00104084 00000080 T C3Di_AttrInfoBind
00104104 000000a8 T C3D_ImmSendAttrib
001041ac 00000280 T C3D_UpdateUniforms
0010442c 000000c0 T C3Di_DirtyUniforms
001044ec 000000d8 T C3Di_LoadShaderUniforms
001045c4 00000028 T C3Di_ClearShaderUniforms
001045ec 000000cc T Mtx_Ortho
001046b8 000000cc T Mtx_OrthoTilt
00104784 00000024 t addrMapNodeComparator(rbtree_node const*, rbtree_node const*)
001047a8 00000004 t addrMapNodeDestructor(rbtree_node*)
001047ac 00000250 T vramMemAlignAt
001049fc 0000000c T vramAlloc
00104a08 0000000c T vramAllocAt
00104a14 00000090 T vramFree
00104aa4 00000024 t addrMapNodeComparator(rbtree_node const*, rbtree_node const*)
00104ac8 00000004 t addrMapNodeDestructor(rbtree_node*)
00104acc 00000120 T linearMemAlign
00104bec 00000008 T linearAlloc
00104bf4 0000005c T linearFree
00104c50 00000080 T MemPool::CoalesceRight(MemBlock*)
00104cd0 0000016c T MemPool::Allocate(MemChunk&, unsigned long, int)
00104e3c 000000fc T MemPool::Deallocate(MemChunk const&)
00104f38 00000030 T MemPool::GetFreeSpace()
00104f68 00000074 T osConvertVirtToPhys
00104fdc 00000034 T __ctru_speedup_config
00105010 000001e8 t parseColor
001051f8 000001ac T consoleDrawChar
001053a4 00000124 T consolePrintChar
001054c8 00000b94 T con_write
0010605c 000000fc t newRow
00106158 00000168 T consoleInit
001062c0 000000d0 t gfxPresentFramebuffer
00106390 0000001c T gfxIsWide
001063ac 000000ec T gfxSetScreenFormat
00106498 00000010 T gfxSetDoubleBuffering
001064a8 000000e0 T gfxInit
00106588 00000010 T gfxInitDefault
00106598 000000b4 T gfxExit
0010664c 000000a0 T gfxGetFramebuffer
001066ec 00000104 T gfxFlushBuffers
001067f0 00000030 T gfxScreenSwapBuffers
00106820 00000050 T gfxSwapBuffersGpu
00106870 000001d4 T shaderInstanceInit
00106a44 00000018 T shaderInstanceGetUniformLocation
00106a5c 0000001c T shaderProgramInit
00106a78 00000064 T shaderProgramFree
00106adc 00000080 T shaderProgramSetVsh
00106b5c 000008e0 T shaderProgramConfigure
0010743c 000001cc t DVLE_GenerateOutmap.part.0
00107608 000001b4 T DVLB_ParseFile
001077bc 00000038 T DVLB_Free
001077f4 00000074 T DVLE_GetUniformRegister
00107868 00000010 T GX_BindQueue
00107878 00000078 T GX_ProcessCommandList
001078f0 00000074 T GX_MemoryFill
00107964 00000070 T GX_DisplayTransfer
001079d4 00000068 t gxCmdQueueDoCommands.part.0
00107a3c 000000c8 T gxCmdQueueInterrupt
00107b04 0000004c T gxCmdQueueClear
00107b50 000000f8 T gxCmdQueueAdd
00107c48 00000080 T gxCmdQueueRun
00107cc8 00000060 T gxCmdQueueStop
00107d28 00000074 T gxCmdQueueWait
00107d9c 0000013c T GPUCMD_Add
00107ed8 000000b0 T GPUCMD_Split
00107f88 00000034 T f32tof16
00107fbc 00000034 T f32tof24
00107ff0 00000038 T f32tof31
00108028 00000c58 t gspHardwareInit
00108c80 00000248 T gspInit
00108ec8 000000f0 T gspExit
00108fb8 00000010 T gspHasGpuRight
00108fc8 000000a0 T gspPresentBuffer
00109068 00000030 T gspSetEventCallback
00109098 00000044 T gspWaitForEvent
001090dc 0000004c T gspWaitForAnyEvent
00109128 00000158 t gspEventThreadMain
00109280 00000130 T gspSubmitGxCommand
001093b0 00000050 T GSPGPU_FlushDataCache
00109400 00000034 T GSPGPU_SetLcdForceBlack
00109434 00000068 T GSPGPU_AcquireRight
0010949c 00000048 T GSPGPU_ReleaseRight
001094e4 0000007c T GSPGPU_ImportDisplayCaptureInfo
00109560 0000002c T GSPGPU_SaveVramSysArea
0010958c 0000002c T GSPGPU_RestoreVramSysArea
001095b8 000001a4 t aptConvertScreenForCapture
0010975c 00000008 W aptDspSleep
00109764 00000004 W aptDspWakeup
00109768 00000004 W aptDspCancel
0010976c 00000158 T aptSendCommand
001098c8 00000044 t aptExitProcess
0010990c 000002f4 T aptExit
00109c00 000000e0 T aptHandleSleep
00109ce0 00000030 T aptHook
00109d10 00000030 T aptUnhook
00109d40 00000084 T APT_SleepIfShellClosed
00109dc4 00000084 T aptSetSleepAllowed
00109e48 00000084 T APT_UnlockTransition
00109ed0 000004a4 t aptEventHandler
0010a374 000000b0 T APT_ReceiveParameter
0010a424 000000b0 t aptReceiveParameter.constprop.0
0010a4d8 000002ac t aptScreenTransfer
0010a784 00000344 t aptWaitForWakeUp.isra.0
0010aac8 00000100 T aptJumpToHomeMenu
0010abc8 00000048 T aptMainLoop
0010ac10 0000022c T aptInit
0010ae3c 0000007c T APT_CheckNew3DS
0010aeb8 00000024 W hidShouldUseIrrst
0010aedc 0000018c T hidInit
0010b068 000000e8 T hidExit
0010b150 000002a4 T hidScanInput
0010b3f4 00000010 T hidKeysDown
0010b404 00000018 T hidCircleRead
0010b41c 00000074 T ptmSysmInit
0010b490 0000003c T ptmSysmExit
0010b4cc 00000034 T PTMSYSM_ConfigureNew3DSCPU
0010b500 00000010 T rbtree_init
0010b510 000001b4 t do_insert
0010b6c4 00000008 T rbtree_insert
0010b6cc 00000090 T rbtree_rotate
0010b75c 00000318 T rbtree_remove
0010ba74 00000074 T rbtree_find
0010bae8 000001e0 W __system_allocateHeaps
0010bcc8 00000038 W __libctru_init
0010bd00 00000170 W __system_initArgv
0010be70 T svcControlMemory
0010be90 T svcQueryMemory
0010bec0 T svcExitProcess
0010bec8 T svcCreateThread
0010bee8 T svcExitThread
0010bef0 T svcSleepThread
0010bef8 T svcReleaseMutex
0010bf00 T svcCreateEvent
0010bf14 T svcSignalEvent
0010bf1c T svcClearEvent
0010bf24 T svcMapMemoryBlock
0010bf2c T svcUnmapMemoryBlock
0010bf34 T svcCreateAddressArbiter
0010bf48 T svcArbitrateAddressNoTimeout
0010bf50 T svcCloseHandle
0010bf58 T svcWaitSynchronization
0010bf60 T svcWaitSynchronizationN
0010bf88 T svcDuplicateHandle
0010bf9c T svcGetSystemTick
0010bfa4 T svcConnectToPort
0010bfb8 T svcSendSyncRequest
0010bfc0 T svcGetResourceLimit
0010bfd4 T svcGetResourceLimitLimitValues
0010bfdc T svcGetResourceLimitCurrentValues
0010bfe4 T svcBreak
0010bfec W initSystem
0010c03c W __ctru_exit
0010c054 0000000c T __sync_init
0010c060 00000018 T __sync_fini
0010c078 0000002c T syncArbitrateAddress
0010c0a4 000000b0 T LightLock_Lock
0010c154 00000040 T LightLock_Unlock
0010c194 00000024 T RecursiveLock_Init
0010c1b8 00000030 T RecursiveLock_Lock
0010c1e8 00000054 T RecursiveLock_Unlock
0010c23c 00000040 T LightEvent_Init
0010c27c 000000a4 T LightEvent_Clear
0010c320 000000c8 T LightEvent_Signal
0010c3e8 00000050 T LightEvent_TryWait
0010c438 000000b0 T LightEvent_Wait
0010c4e8 00000130 T srvInit
0010c618 00000058 T srvExit
0010c670 000000a0 T srvGetServiceHandleDirect
0010c710 00000038 T srvGetServiceHandle
0010c748 00000038 T srvPublishToSubscriber
0010c780 00000178 T threadCreate
0010c8f8 0000002c T threadFree
0010c924 00000024 T threadJoin
0010c948 00000030 T threadGetCurrent
0010c978 00000040 T threadExit
0010c9b8 00000020 t _thread_begin
0010c9d8 000000b4 t mappableFindAddressWithin
0010ca8c 00000028 T mappableInit
0010cab4 00000080 T mappableAlloc
0010cb34 00000004 T mappableFree
0010cb38 00000164 T irrstInit
0010cc9c 000000cc T irrstExit
0010cd68 000000b4 T irrstScanInput
0010ce1c 00000024 T irrstKeysHeld
0010ce40 0000000c T srvPmGetSessionHandle
0010ce4c 0000005c T rbtree_node_next
0010cea8 00000030 W __appInit
0010ced8 00000030 T __syscall_getreent
0010cf08 00000004 T __syscall_lock_acquire
0010cf0c 00000004 T __syscall_lock_release
0010cf10 00000004 T __syscall_lock_init_recursive
0010cf14 00000004 T __syscall_lock_acquire_recursive
0010cf18 00000004 T __syscall_lock_release_recursive
0010cf1c 00000004 T __syscall_exit
0010cf20 00000050 T initThreadVars
0010cf70 00000068 T __system_initSyscalls
0010cfd8 00000030 W __appExit
0010d008 00000090 W __libctru_exit
0010d098 00000084 W envGetHandle
0010d11c 00000050 W envDestroyHandles
0010d16c 00000014 t archive_link
0010d180 00000014 t archive_dirreset
0010d194 00000014 t archive_chmod
0010d1a8 00000024 t error_cmp
0010d1cc 00000050 t archive_translate_error
0010d21c 000000c8 t archive_seek
0010d2e4 0000007c t _archiveInit.part.0
0010d360 000000c4 t archiveFindDevice.part.0
0010d424 0000025c t archive_utf16path
0010d680 000000a0 t _archiveUnmountDeviceStruct.part.0
0010d720 00000014 t archive_fchmod
0010d734 00000014 t archive_statvfs
0010d748 00000164 t _archiveMountDevice
0010d8ac 000000e8 t archive_diropen
0010d994 000000a4 t archive_fstat
0010da38 0000006c t archive_close
0010daa4 0000006c t archive_fsync
0010db10 00000070 t archive_dirclose
0010db80 000000e8 t sdmc_statvfs
0010dc68 000000ec t archive_chdir
0010dd54 0000007c t archive_ftruncate
0010ddd0 000000ac t archive_read
0010de7c 000000a4 t archive_unlink
0010df20 000000bc t archive_rmdir
0010dfdc 000000dc t archive_mkdir
0010e0b8 0000019c t archive_stat
0010e254 0000015c t archive_dirnext
0010e3b0 000000ec t archive_write
0010e49c 000001d4 t archive_open
0010e670 00000278 t archive_rename
0010e8e8 0000019c T archiveMountSdmc
0010ea84 00000054 T archiveUnmountAll
0010ead8 000000cc T fsInit
0010eba4 0000003c T fsExit
0010ebe0 00000060 T fsExemptFromSession
0010ec40 00000050 T fsUnexemptFromSession
0010ec90 000000cc T FSUSER_OpenFile
0010ed5c 000000bc T FSUSER_DeleteFile
0010ee18 000000f8 T FSUSER_RenameFile
0010ef10 000000bc T FSUSER_DeleteDirectory
0010efcc 000000d4 T FSUSER_CreateFile
0010f0a0 000000c4 T FSUSER_CreateDirectory
0010f164 000000f8 T FSUSER_RenameDirectory
0010f25c 000000b4 T FSUSER_OpenDirectory
0010f310 00000098 T FSUSER_OpenArchive
0010f3a8 0000008c T FSUSER_CloseArchive
0010f434 00000074 T FSUSER_GetSdmcArchiveResource
0010f4a8 00000064 T FSUSER_IsSdmcWritable
0010f50c 00000058 T FSFILE_Read
0010f564 00000060 T FSFILE_Write
0010f5c4 0000003c T FSFILE_GetSize
0010f600 00000028 T FSFILE_SetSize
0010f628 0000003c T FSFILE_Close
0010f664 00000024 T FSFILE_Flush
0010f688 00000050 T FSDIR_Read
0010f6d8 0000003c T FSDIR_Close
0010f714 000000e8 T utf16_to_utf8
0010f7fc 00000064 T decode_utf16
0010f860 0000013c T decode_utf8
0010f99c 000000c0 T utf8_to_utf16
0010fa5c T __aeabi_read_tp
0010fa68 00000054 T encode_utf16
0010fabc 000000e0 T encode_utf8
0010fb9c 00000120 T __udivmoddi4
0010fcbc 00000078 T bsearch
0010fd34 00000020 T calloc
0010fd54 000000c0 T _calloc_r
0010fe14 0000000c T __errno
0010fe20 00000034 T exit
0010fe54 00000234 T __sflush_r
00110088 00000094 T _fflush_r
0011011c 0000000c T _cleanup_r
00110128 00000184 T __sinit
001102ac 0000000c T __sfp_lock_acquire
001102b8 0000000c T __sfp_lock_release
001102c4 0000003c T __libc_fini_array
00110300 000000f8 T _malloc_trim_r
001103f8 000002e8 T _free_r
001106e0 00000070 T _fwalk_reent
00110750 00000084 T __libc_init_array
001107d4 00000020 T memalign
001107f4 0000014c T _memalign_r
00110940 00000018 T malloc
00110958 00000018 T free
00110970 000007e4 T _malloc_r
00111154 000000e4 T memchr
00111238 00000118 T memcpy
00111350 000000f4 T memset
00111444 0000000c T __malloc_lock
00111450 0000000c T __malloc_unlock
0011145c 00000034 T printf
00111490 0000025c T setvbuf
001116ec 00000074 T sscanf
00111760 00000044 T __sread
001117a4 00000008 T __seofread
001117ac 00000068 T __swrite
00111814 00000044 T __sseek
00111858 00000008 T __sclose
00111860 0000005c T strlen
001118bc 000000e4 T strncat
001119a0 000000e4 T strncmp
00111a84 000000c4 T strncpy
00111b48 00000048 T strnlen
00111b90 000001c4 t _strtoul_l.constprop.0
00111d54 00000004 T _strtoul_r
00111d58 00000028 T strtoul
00111d80 00000050 t get_arg
00111dd0 00002c38 T __ssvfscanf_r
00114a08 0000066c t get_arg
00115078 0000339c T _vfprintf_r
00118414 000000d0 t __sbprintf
001184e4 00000054 T _wcrtomb_r
00118538 00000028 T _wcsrtombs_r
00118560 0000013c T __swsetup_r
0011869c 00000114 T __call_exitprocs
001187b0 000001b0 t quorem
00118960 000011f8 T _dtoa_r
00119b58 0000015c T _fclose_r
00119cb4 00000008 T iswspace
00119cbc 0000000c T _localeconv_r
00119cc8 00000010 T __locale_mb_cur_max
00119cd8 00000138 T __smakebuf_r
00119e10 0000008c T __swhatbuf_r
00119e9c 00000068 T _mbrtowc_r
00119f04 000002f8 T __utf8_mbtowc
0011a1fc 00000088 T _Balloc
0011a284 0000001c T _Bfree
0011a2a0 000000f4 T __multadd
0011a394 00000110 T __s2b
0011a4a4 00000060 T __hi0bits
0011a504 0000009c T __lo0bits
0011a5a0 000000a8 T __i2b
0011a648 00000204 T __multiply
0011a84c 00000124 T __pow5mult
0011a970 00000140 T __lshift
0011aab0 00000058 T __mcmp
0011ab08 000001ec T __mdiff
0011acf4 00000068 T __ulp
0011ad5c 000000d0 T __b2d
0011ae2c 00000120 T __d2b
0011af4c 00000078 T __ratio
0011afc4 00000088 T __copybits
0011b04c 0000005c T __any_on
0011b0a8 00000020 T realloc
0011b0c8 000004a0 T _realloc_r
0011b568 000000f4 T __sccl
0011b65c 0000000c T nanf
0011b668 00000088 T frexp
0011b6f0 00000064 T sprintf
0011b754 000000cc T stpncpy
0011b820 00000130 T strchr
0011b950 00000064 t sulp
0011b9b8 000013a8 T _strtod_l
0011cd60 0000000c T _strtod_r
0011cd6c 0000022c t _strtoll_l.constprop.0
0011cf98 00000004 T _strtoll_r
0011cf9c 000001a4 t _strtol_l.part.0
0011d140 0000003c T _strtol_r
0011d17c 00000244 t _strtoull_l.constprop.0
0011d3c0 00000004 T _strtoull_r
0011d3c4 00000188 T __ssprint_r
0011d54c 000000d4 T _sungetc_r
0011d620 0000006c T __ssrefill_r
0011d68c 000000c4 T _sfread_r
0011d750 0000066c t get_arg
0011ddc0 00003334 T _svfprintf_r
001210f4 000000a8 T __submore
0012119c 0000066c t get_arg
00121808 00000030 T __sprint_r
00121838 000022ec T _vfiprintf_r
00123b24 000000d0 t __sbprintf
00123bf4 00000188 T _wcsnrtombs_l
00123d7c 0000004c T _wcsnrtombs_r
00123dc8 000000f0 T __utf8_wctomb
00123eb8 0000005c T __assert_func
00123f14 0000003c T fiprintf
00123f50 000004b4 T __sfvwrite_r
00124404 000000f0 t rshift
001244f4 00000814 T __gethex
00124d08 0000004c T __match
00124d54 0000029c T __hexnan
00124ff0 0000003c T iswspace_l
0012502c 000001d8 t __jp2uc
00125204 0000009c T _jp2uc_l
001252a0 00000150 T memmove
001253f0 00000010 T nan
00125400 00000014 T abort
00125414 0000008c T category
001254a0 00000090 T _raise_r
00125530 00000018 T raise
00125548 00000008 t null_write
00125550 00000018 T setDefaultDevice
00125568 000000c8 T FindDevice
00125630 00000028 T RemoveDevice
00125658 0000009c T AddDevice
001256f4 00000020 T GetDeviceOpTab
00125714 00000078 T _fstat_r
0012578c 00000014 T _getpid_r
001257a0 00000008 T _isatty_r
001257a8 00000014 T _kill_r
001257bc 00000084 T _lseek_r
00125840 00000080 T _read_r
001258c0 00000078 T _sbrk_r
00125938 00000080 T _write_r
001259b8 00000020 T _exit
001259d8 000001a4 T _concatenate_path
00125b7c 00000140 T chdir
00125cbc 00000008 T __flockfile
00125cc4 00000008 T __funlockfile
00125ccc 0000003c T __get_handle
00125d08 000000f4 T _close_r
00125dfc 0000002c T __getreent
00125e28 0000001c T __libc_lock_acquire
00125e44 0000001c T __libc_lock_release
00125e60 0000001c T __libc_lock_init_recursive
00125e7c 0000001c T __libc_lock_acquire_recursive
00125e98 0000001c T __libc_lock_release_recursive
00125eb4 0000001c T __libc_lock_close_recursive
00125ed0 00000038 T __aeabi_d2lz
00125ed0 00000038 T __fixdfdi
00125f08 00000040 T __aeabi_d2ulz
00125f08 00000040 T __fixunsdfdi
00125f48 00000048 T strrchr
00125f90 T _fini
00126034 R render2d_shbin
001261c0 R render2d_shbin_end
001261c0 R render2d_shbin_size
001261c4 00000005 r colorFmtSizes
001261cc 00000004 r depthFmtSizes
001261d0 00000010 r CSWTCH.9
00126258 00000070 r dotab_stdout
001262c8 00000018 r grayScale
001262e0 00000006 r colorCube
001262e8 00000030 r colorTable
0012633c 00000008 r morton_y.2
00126344 00000008 r morton_x.3
0012634c 00000008 r s_sleepWakeEvents.4
00126384 R default_font_bin
00126b84 R default_font_bin_end
00126ba8 00000030 r error_table
00126be0 00000070 r archive_devoptab
00126c58 00000004 R _global_impure_ptr
00126c64 00000022 r basefix.0
00126cc4 00000010 r zeroes.0
00126cd4 00000010 r blanks.1
00126ce4 00000101 R _ctype_
00126df8 r .LC2
00126eec 0000000c r p05.0
00126ef8 00000028 R __mprec_bigtens
00126f20 000000c8 R __mprec_tens
00126ff8 00000014 r fpinan.0
0012700c 00000014 r fpi.1
00127020 00000028 r tinytens
00127048 0000006c R __action_table
001270b4 0000006c R __state_table
00127120 00000100 R __chclass
00127220 00000010 r zeroes.0
00127230 00000010 r blanks.1
00127240 00000010 r zeroes.0
00127250 00000010 r blanks.1
001272f0 00000100 R __hexdig
00127404 00001a7c r d02f4
00128e80 0000172a r b02cf
0012a5ac 00000040 r a8
0012a5ec 000000a2 r a7
0012a690 00000070 r a6
0012a700 0000005b r a3
0012a75c 000000bc r a2
0012a818 000000bc r a1
0012a8d4 00003528 r categories
0012ddfc 00000070 R dotab_stdnull
0012de6c R __tdata_align
0012de70 r 
0012de70 R __exidx_end
0012de70 R __exidx_start
0012e000 00000004 d framerate
0012e004 00000008 d framerateCounter
0012e00c 00000001 d firstConsoleInit.0
0012e010 00000004 D currentConsole
0012e014 00000048 D defaultConsole
0012e05c 00000004 d queueLock
0012e060 00000004 d kCount
0012e064 00000004 d kInterval
0012e068 00000004 d kDelay
0012e06c W __stacksize__
0012e070 00000004 D _impure_ptr
0012e078 00000460 d impure_data
0012e4d8 00000004 D __malloc_sbrk_base
0012e4dc 00000004 D __malloc_trim_threshold
0012e4e0 00000408 D __malloc_av_
0012e8e8 0000016c D __global_locale
0012ea54 0000008c D devoptab_list
0012eae0 00000004 d defaultDevice
0012eae4 00000400 d _current_working_directory
0012eee4 00001000 d handles
0012fee4 0000000c d __stderr_handle
0012fef0 0000000c d __stdout_handle
0012fefc 0000000c d __stdin_handle
0012ff10 d _GLOBAL_OFFSET_TABLE_
0012ff1c d __frame_dummy_init_array_entry
0012ff1c D __init_array_start
0012ff1c B __preinit_array_end
0012ff1c B __preinit_array_start
0012ff1c D __tdata_lma
0012ff1c D __tdata_lma_end
0012ff20 d __do_global_dtors_aux_fini_array_entry
0012ff20 D __fini_array_start
0012ff20 D __init_array_end
0012ff24 D __bss_start__
0012ff24 D __fini_array_end
0012ff24 b completed.1
0012ff28 b object.0
0012ff40 000005a8 B __C2Di_Context
001304e8 00000040 b s_projBot
00130528 00000040 b s_projTop
00130568 00000004 b uLoc_mdlvMtx
0013056c 00000004 b uLoc_projMtx
00130570 000002d0 B __C3D_Context
00130840 0000000c b hookCookie
00130850 00000010 b cpuTime
00130860 00000004 b firstTarget
00130864 00000008 b frameCounter
0013086c 00000004 b frameEndCb
00130870 00000004 b frameEndCbData
00130878 00000010 b gpuTime
00130888 00000001 b inFrame
00130889 00000001 b inSafeTransfer
0013088a 00000001 b isTopStereo
0013088c 00000004 b lastTarget
00130890 0000000c b linkedTarget
0013089c 00000001 b measureGpuTime
0013089d 00000001 b needSwapBot
0013089e 00000001 b needSwapTop
001308a0 00000004 B C3D_BoolUnifs
001308a4 00000002 B C3D_BoolUnifsDirty
001308a8 00000c00 B C3D_FVUnif
001314a8 000000c0 B C3D_FVUnifDirty
00131568 00000020 B C3D_IVUnif
00131588 00000008 B C3D_IVUnifDirty
00131590 000000c0 b C3Di_FVUnifEverDirty
00131650 00000008 b C3Di_IVUnifEverDirty
00131658 00000018 b C3Di_ShaderFVecData
00131670 00000008 b sVramPoolB
00131678 00000008 b sVramPoolA
00131680 0000000c b sAddrMap
00131690 00000008 b sLinearPool
00131698 0000000c b sAddrMap
001316a4 00000001 V __ctru_speedup
001316a8 00000048 B currentCopy
001316f0 00000004 b screenAlloc
001316f4 00000004 b screenFree
001316f8 00000002 b gfxIsDoubleBuf
001316fc 00000002 b gfxCurBuf
001316fe 00000001 b gfxIsVram
001316ff 00000001 b gfxTopMode
00131700 00000002 b gfxFramebufferFormats
00131704 00000004 b gfxBottomFramebufferMaxSize
00131708 00000004 b gfxTopFramebufferMaxSize
00131710 00000008 b gfxBottomFramebuffers
00131718 00000008 b gfxTopFramebuffers
00131720 00000004 b boundQueue
00131724 00000001 b shouldStop
00131725 00000001 b isRunning
00131726 00000001 b isActive
00131728 00000004 b curQueue
0013172c 00000004 B gpuCmdBufOffset
00131730 00000004 B gpuCmdBufSize
00131734 00000004 B gpuCmdBuf
00131738 00000007 b gspEventCbOneShot
00131740 0000001c b gspEventCbData
0013175c 0000001c b gspEventCb
00131778 00000038 b gspEvents
001317b0 00000004 b gspLastEvent
001317b4 00000001 b gspRunEvents
001317b8 00000004 b gspEventThread
001317bc 00000004 b gspEvent
001317c0 00000001 b gspGpuRight
001317c1 00000001 b gspThreadId
001317c4 00000004 b gspSharedMem
001317c8 00000004 b gspSharedMemHandle
001317cc 00000004 b gspRefCount
001317d0 00000004 b gspGpuHandle
001317d4 00000001 b flagValue.0
001317d5 00000001 b flagInit.1
001317d8 00000004 b serviceName.6
001317dc 00000001 b aptChainloadMediatype
001317e0 00000008 b aptChainloadTid
001317e8 00000001 b aptChainloadFlags
001317ec 00001000 b aptParameters
001327ec 00000004 b aptFlags
001327f0 00000001 b aptHomeButtonState
001327f4 00000004 b aptMessageFuncData
001327f8 00000004 b aptMessageFunc
001327fc 0000000c b aptFirstHook
00132808 00000001 b aptEventHandlerThreadQuit
0013280c 00000004 b aptEventHandlerThread
00132810 00000008 b aptSleepEvent
00132818 00000008 b aptReceiveEvent
00132820 00000008 b aptEvents
00132828 00000004 b aptLockHandle
0013282c 00000004 b aptRefCount
00132830 00000001 b usingIrrst
00132834 00000004 b hidRefCount
00132838 00000006 b gRate
00132840 00000006 b aVec
00132848 00000004 b cPos
0013284c 00000004 b tPos
00132850 00000004 b kRepeat
00132854 00000004 b kUp
00132858 00000004 b kDown
0013285c 00000004 b kHeld
00132860 00000004 b kOld
00132864 00000004 B hidSharedMem
00132868 00000014 B hidEvents
0013287c 00000004 B hidMemHandle
00132880 00000004 B hidHandle
00132884 00000004 b ptmSysmRefCount
00132888 00000004 b ptmSysmHandle
0013288c 00000004 V __ctru_linear_heap_size
00132890 00000004 V __ctru_heap_size
00132894 00000004 B __ctru_linear_heap
00132898 00000004 B __ctru_heap
0013289c 00000004 B __system_retAddr
001328a0 00000004 B __system_argv
001328a4 00000004 B __system_argc
001328a8 b saved_stack
001328b0 00000004 b arbiter
001328b4 00000004 B __3dslink_host
001328b8 00000004 b srvRefCount
001328bc 00000004 b srvHandle
001328c0 00000004 b currentAddr
001328c4 00000004 b maxAddr
001328c8 00000004 b minAddr
001328cc 00000004 b irrstRefCount
001328d0 00000004 b csPos
001328d4 00000004 b kHeld
001328d8 00000004 B irrstSharedMem
001328dc 00000004 B irrstEvent
001328e0 00000004 B irrstMemHandle
001328e4 00000004 B irrstHandle
001328e8 00000004 b srvPmHandle
001328f0 00000540 b archive_devices
00132e30 00000004 b archive_device_cwd
00132e34 00000001 b archive_initialized
00132e38 00000080 b fsExemptArchives
00132eb8 00000004 b fsuRefCount
00132ebc 00000004 b fsuHandle
00132ec0 0000000c b __sinit_recursive_mutex
00132ecc 0000000c b __sfp_recursive_mutex
00132ed8 00000028 B __malloc_current_mallinfo
00132f00 00000004 B __malloc_max_total_mem
00132f04 00000004 B __malloc_max_sbrked_mem
00132f08 00000004 B __malloc_top_pad
00132f0c 0000000c b __malloc_recursive_mutex
00132f18 0000000c B __atexit_recursive_mutex
00132f24 00000004 b heap_start.0
00132f28 00000004 B fake_heap_start
00132f2c 00000004 B fake_heap_end
00132f30 00000400 b temp_cwd
00133330 00000004 b __hndl_lock
00133334 B __tls_start
00133f3c B __bss_end__
00133f3c A __end__
00133f3c B __tls_end
